<?xml version="1.0" encoding="UTF-8"?>
<!-- Generated by org.testng.reporters.JUnitReportReporter -->
<testsuite skipped="0" hostname="LAPTOP-V9HBAL95" name="searchByImage.SearchByImage" tests="4" failures="0" timestamp="22 Jun 2019 11:40:14 GMT" time="7.393" errors="0">
  <testcase name="searchByImage" time="6.417" classname="searchByImage.SearchByImage"/>
  <testcase name="takeScreenShot" time="0.572" classname="searchByImage.SearchByImage"/>
  <testcase name="downloadImage" time="0.365" classname="searchByImage.SearchByImage"/>
  <testcase name="compareImages" time="0.039" classname="searchByImage.SearchByImage"/>
</testsuite> <!-- searchByImage.SearchByImage -->
